<?xml version="1.0" encoding="UTF-8"?>
<!-- Generated by org.testng.reporters.JUnitXMLReporter -->
<testsuite ignored="4" hostname="LAPTOP-ELCVUVJ6" failures="0" tests="5" name="Testalltypes" time="73.303" errors="0" timestamp="2024-03-12T22:59:29 IST">
  <testcase classname="com.prach_project.testcases.TCIndexpage01" name="launchTC" time="8.035"/>
  <testcase classname="com.prach_project.testcases.ParalleltestingTC01" name="verifyWomenProductIsSelecting" time="24.57"/>
  <testcase classname="com.prach_project.testcases.ParalleltestingTC02" name="verifyWomenTopIsSelecting" time="10.166"/>
  <testcase classname="com.prach_project.testcases.TCIndexpage01" name="TC2" time="6.825"/>
  <testcase classname="com.prach_project.testcases.TCIndexpage01" name="TC3" time="10.035"/>
  <testcase classname="com.prach_project.testcases.Baseclass" name="@BeforeTest setupapp" time="0.0">
    <ignored/>
  </testcase> <!-- @BeforeTest setupapp -->
  <testcase classname="com.prach_project.testcases.Baseclass" name="@AfterTest teardown" time="0.0">
    <ignored/>
  </testcase> <!-- @AfterTest teardown -->
  <testcase classname="com.prach_project.testcases.Baseclass" name="@BeforeTest setupapp" time="0.0">
    <ignored/>
  </testcase> <!-- @BeforeTest setupapp -->
  <testcase classname="com.prach_project.testcases.Baseclass" name="@AfterTest teardown" time="0.0">
    <ignored/>
  </testcase> <!-- @AfterTest teardown -->
</testsuite> <!-- Testalltypes -->
